open source     > 1 > 1 > /usr/share/texmf/tex/context/base/cont-yes.mkiv

ConTeXt  ver: 2015.05.18 12:26 MKIV current  fmt: 2019.10.3  int: english/english

system          > 'cont-new.mkiv' loaded
open source     > 2 > 2 > /usr/share/texmf/tex/context/base/cont-new.mkiv
close source    > 2 > 2 > /usr/share/texmf/tex/context/base/cont-new.mkiv
system          > files > jobname 'digital_workshop_2019_program', input './digital_workshop_2019_program', result 'digital_workshop_2019_program'
fonts           > latin modern fonts are not preloaded
languages       > language 'en' is active
open source     > 2 > 3 > /home/petra/workshop/program/digital_workshop_2019_program.tex
fonts           > preloading latin modern fonts (second stage)
fonts           > 'fallback modern-designsize rm 12pt' is loaded
floatblocks     > '1' placed
fonts           > bodyfont '20pt' is defined (can better be done global)
fonts           > bodyfont '24pt' is defined (can better be done global)
fonts           > bodyfont '16pt' is defined (can better be done global)
fonts           > typescripts > unknown library 'gentium'
fonts           > typescripts > unknown library 'bf'
floatblocks     > '2' placed
floatblocks     > '3' placed
backend         > xmp > using file '/usr/share/texmf/tex/context/base/lpdf-pdx.xml'
pages           > flushing realpage 1, userpage 1
close source    > 2 > 3 > /home/petra/workshop/program/digital_workshop_2019_program.tex
close source    > 1 > 3 > /usr/share/texmf/tex/context/base/cont-yes.mkiv
(\end occurred inside a group at level 1)

### simple group (level 1) entered at line 33 ({)
### bottom level

system          > structure > start used structure

used structure  > text: digital_workshop_2019_program

system          > structure > stop used structure


system          > files > start used files

used file       >    1: filename=cont-yes.mkiv filetype=tex foundname=/usr/share/texmf/tex/context/base/cont-yes.mkiv usedmethod=database
used file       >    2: filename=publ-imp-default.lua filetype=lua foundname=/usr/share/texmf/tex/context/base/publ-imp-default.lua usedmethod=database
used file       >    3: filename=cont-new.mkiv filetype=tex foundname=/usr/share/texmf/tex/context/base/cont-new.mkiv usedmethod=database
used file       >    4: filename=lang-us.lua filetype=lua foundname=/usr/share/texmf/tex/context/patterns/lang-us.lua usedmethod=database
used file       >    5: filename=/home/petra/workshop/program/digital_workshop_2019_program.tex foundname=/home/petra/workshop/program/digital_workshop_2019_program.tex usedmethod=direct
used file       >    6: filename=lm.lfg filetype=tex foundname=/usr/share/texmf/tex/context/fonts/lm.lfg usedmethod=database
used file       >    7: filename=lmroman12-regular filetype=otf format=otf foundname=/usr/share/texmf/fonts/opentype/public/lm/lmroman12-regular.otf usedmethod=database
used file       >    8: filename=latinmodern-math.otf filetype=opentypefonts foundname=/usr/share/texmf/fonts/opentype/public/lm-math/latinmodern-math.otf usedmethod=database
used file       >    9: filename=../img/workshop.png format=tex foundname=../img/workshop.png usedmethod=direct
used file       >   10: filename=lmroman10-regular filetype=otf format=otf foundname=/usr/share/texmf/fonts/opentype/public/lm/lmroman10-regular.otf usedmethod=database
used file       >   11: filename=lmroman10-bold filetype=otf format=otf foundname=/usr/share/texmf/fonts/opentype/public/lm/lmroman10-bold.otf usedmethod=database
used file       >   12: filename=lmroman10-bolditalic filetype=otf format=otf foundname=/usr/share/texmf/fonts/opentype/public/lm/lmroman10-bolditalic.otf usedmethod=database
used file       >   13: filename=lmroman12-bold filetype=otf format=otf foundname=/usr/share/texmf/fonts/opentype/public/lm/lmroman12-bold.otf usedmethod=database
used file       >   14: filename=lmromanslant12-regular filetype=otf format=otf foundname=/usr/share/texmf/fonts/opentype/public/lm/lmromanslant12-regular.otf usedmethod=database
used file       >   15: filename=/home/petra/workshop/img/workshop_30_Oct.png format=tex foundname=/home/petra/workshop/img/workshop_30_Oct.png usedmethod=direct
used file       >   16: filename=/home/petra/workshop/img/CEDHAR_logo.png format=tex foundname=/home/petra/workshop/img/CEDHAR_logo.png usedmethod=direct
used file       >   17: filename=/home/petra/workshop/img/sdam_logo.png format=tex foundname=/home/petra/workshop/img/sdam_logo.png usedmethod=direct
used file       >   18: filename=/home/petra/workshop/img/au_logo.png format=tex foundname=/home/petra/workshop/img/au_logo.png usedmethod=direct
used file       >   19: filename=lpdf-pdx.xml filetype=tex foundname=/usr/share/texmf/tex/context/base/lpdf-pdx.xml usedmethod=database

system          > files > stop used files


system          > options > start commandline options

used option     > currentrun="1"
used option     > fulljobname="./digital_workshop_2019_program.tex"
used option     > input="./digital_workshop_2019_program.tex"
used option     > kindofrun="1"
used option     > maxnofruns="9"
used option     > no-parse-first-line="true"

system          > options > stop commandline options

system          > options > start commandline files

used file       >    1: ./digital_workshop_2019_program.tex

system          > options > stop commandline files



mkiv lua stats  > used config file: /usr/share/texmf/web2c/texmfcnf.lua;/usr/share/texlive/texmf-dist/web2c/texmfcnf.lua
mkiv lua stats  > used cache path: readable: '/var/lib/texmf/luatex-cache/context/b47c3d3cee7cb6c86268d0595268c442' | readable+writable: '/home/petra/.texmf-var/luatex-cache/context/b47c3d3cee7cb6c86268d0595268c442'
mkiv lua stats  > resource resolver: loadtime 0.011 seconds, 0 scans with scantime 0.000 seconds, 0 shared scans, 19 found files, scanned paths: <none>
mkiv lua stats  > stored bytecode data: 371 modules (0.163 sec), 78 tables (0.006 sec), 449 chunks (0.169 sec)
mkiv lua stats  > traced context: maxstack: 1147, freed: 15, unreachable: 1132
mkiv lua stats  > running in nuts mode: yes
mkiv lua stats  > cleaned up reserved nodes: 50 nodes, 439 lists of 438
mkiv lua stats  > node memory usage: 1 hlist, 2 glue, 2 penalty, 11 attribute, 44 glue_spec, 4 attribute_list, 2 temp
mkiv lua stats  > node list callback tasks: 6 unique task lists, 6 instances (re)created, 224 calls
mkiv lua stats  > used backend: pdf (backend for directly generating pdf output)
mkiv lua stats  > loaded patterns: en::2, load time: 0.000
mkiv lua stats  > jobdata time: 0.001 seconds saving, 0.000 seconds loading
mkiv lua stats  > callbacks: 503 direct, 337 indirect, 840 total
mkiv lua stats  > randomizer: resumed with value 0.41855298374712
mkiv lua stats  > interactive elements: 15 references, 0 destinations
mkiv lua stats  > result saved in file: digital_workshop_2019_program.pdf, compresslevel 3, objectcompresslevel 3
mkiv lua stats  > loaded fonts: 7 files: latinmodern-math.otf, lmroman10-bold.otf, lmroman10-bolditalic.otf, lmroman10-regular.otf, lmroman12-bold.otf, lmroman12-regular.otf, lmromanslant12-regular.otf
mkiv lua stats  > fonts load time: 0.236 seconds for 12 fonts, 3 shared in backend, 0 common vectors, 3 common hashes
mkiv lua stats  > graphics processing time: 0.004 seconds including tex, 5 processed images, 5 unique asked, 3 bad names
mkiv lua stats  > pdf annotations: 15 links (15 unique), 0 special
mkiv lua stats  > used platform: linux-64, type: unix, binary subtree: usr
mkiv lua stats  > luatex banner: this is luatex, version beta-0.80.0 (tex live 2015/debian) (rev 5238)
mkiv lua stats  > control sequences: 43638 of 65536 + 100000
mkiv lua stats  > lua properties: engine: lua, used memory: 67 MB (ctx: 67 MB), hash type: lua, hash chars: min(64,40), symbol mask: utf (τεχ)
mkiv lua stats  > runtime: 0.594 seconds, 1 processed pages, 1 shipped pages, 1.684 pages/second

