open source     > 1 > 1 > /usr/share/texmf/tex/context/base/cont-yes.mkiv

ConTeXt  ver: 2015.05.18 12:26 MKIV current  fmt: 2019.10.3  int: english/english

system          > 'cont-new.mkiv' loaded
open source     > 2 > 2 > /usr/share/texmf/tex/context/base/cont-new.mkiv
close source    > 2 > 2 > /usr/share/texmf/tex/context/base/cont-new.mkiv
system          > files > jobname 'digital_workshop_2019_flyer', input './digital_workshop_2019_flyer', result 'digital_workshop_2019_flyer'
fonts           > latin modern fonts are not preloaded
languages       > language 'en' is active
open source     > 2 > 3 > /home/petra/workshop/digital_workshop_2019_flyer.tex
fonts           > preloading latin modern fonts (second stage)
fonts           > 'fallback modern-designsize rm 12pt' is loaded
floatblocks     > '1' placed
fonts           > bodyfont '30pt' is defined (can better be done global)
fonts           > bodyfont '36pt' is defined (can better be done global)
fonts           > bodyfont '24pt' is defined (can better be done global)
fonts           > typescripts > unknown library 'gentium'
fonts           > typescripts > unknown library 'bf'

Overfull \hbox (0.22551pt too wide) in paragraph at lines 56--57
 \3>modern-designsize-30pt-rm-bf-0--0 in Hu-man-i-ties and So-cial Sci-ences 

\hbox(20.91+0.33)x512.1496, direction TLT
.\glue(\leftskip) 0.0 plus 256.0748
.\3>modern-designsize-30pt-rm-bf-0--0 i
.\3>modern-designsize-30pt-rm-bf-0--0 n
.\glue(\spaceskip) 11.49
.\3>modern-designsize-30pt-rm-bf-0--0 H
.etc.

fonts           > bodyfont '16pt' is defined (can better be done global)
fonts           > bodyfont '19.2pt' is defined (can better be done global)
fonts           > bodyfont '12.8pt' is defined (can better be done global)
floatblocks     > '2' placed
backend         > xmp > using file '/usr/share/texmf/tex/context/base/lpdf-pdx.xml'
pages           > flushing realpage 1, userpage 1
close source    > 2 > 3 > /home/petra/workshop/digital_workshop_2019_flyer.tex
close source    > 1 > 3 > /usr/share/texmf/tex/context/base/cont-yes.mkiv
(\end occurred inside a group at level 1)

### simple group (level 1) entered at line 33 ({)
### bottom level

system          > structure > start used structure

used structure  > text: digital_workshop_2019_flyer

system          > structure > stop used structure


system          > files > start used files

used file       >    1: filename=cont-yes.mkiv filetype=tex foundname=/usr/share/texmf/tex/context/base/cont-yes.mkiv usedmethod=database
used file       >    2: filename=publ-imp-default.lua filetype=scripts foundname=/usr/share/texmf/tex/context/base/publ-imp-default.lua usedmethod=database
used file       >    3: filename=cont-new.mkiv filetype=tex foundname=/usr/share/texmf/tex/context/base/cont-new.mkiv usedmethod=database
used file       >    4: filename=lang-us.lua filetype=scripts foundname=/usr/share/texmf/tex/context/patterns/lang-us.lua usedmethod=database
used file       >    5: filename=/home/petra/workshop/digital_workshop_2019_flyer.tex foundname=/home/petra/workshop/digital_workshop_2019_flyer.tex usedmethod=direct
used file       >    6: filename=lm.lfg filetype=tex foundname=/usr/share/texmf/tex/context/fonts/lm.lfg usedmethod=database
used file       >    7: filename=lmroman12-regular filetype=otf format=otf foundname=/usr/share/texmf/fonts/opentype/public/lm/lmroman12-regular.otf usedmethod=database
used file       >    8: filename=latinmodern-math.otf filetype=opentypefonts foundname=/usr/share/texmf/fonts/opentype/public/lm-math/latinmodern-math.otf usedmethod=database
used file       >    9: filename=img/workshop.png format=tex foundname=img/workshop.png usedmethod=direct
used file       >   10: filename=lmroman10-regular filetype=otf format=otf foundname=/usr/share/texmf/fonts/opentype/public/lm/lmroman10-regular.otf usedmethod=database
used file       >   11: filename=lmroman10-bold filetype=otf format=otf foundname=/usr/share/texmf/fonts/opentype/public/lm/lmroman10-bold.otf usedmethod=database
used file       >   12: filename=img/CEDHAR_logo.png format=tex foundname=img/CEDHAR_logo.png usedmethod=direct
used file       >   13: filename=img/sdam_logo.png format=tex foundname=img/sdam_logo.png usedmethod=direct
used file       >   14: filename=img/au_logo.png format=tex foundname=img/au_logo.png usedmethod=direct
used file       >   15: filename=lpdf-pdx.xml filetype=tex foundname=/usr/share/texmf/tex/context/base/lpdf-pdx.xml usedmethod=database

system          > files > stop used files


system          > options > start commandline options

used option     > currentrun="1"
used option     > fulljobname="./digital_workshop_2019_flyer.tex"
used option     > input="./digital_workshop_2019_flyer.tex"
used option     > kindofrun="1"
used option     > maxnofruns="9"
used option     > no-parse-first-line="true"

system          > options > stop commandline options

system          > options > start commandline files

used file       >    1: ./digital_workshop_2019_flyer.tex

system          > options > stop commandline files



mkiv lua stats  > used config file: /usr/share/texmf/web2c/texmfcnf.lua;/usr/share/texlive/texmf-dist/web2c/texmfcnf.lua
mkiv lua stats  > used cache path: readable: '/var/lib/texmf/luatex-cache/context/b47c3d3cee7cb6c86268d0595268c442' | readable+writable: '/home/petra/.texmf-var/luatex-cache/context/b47c3d3cee7cb6c86268d0595268c442'
mkiv lua stats  > resource resolver: loadtime 0.010 seconds, 0 scans with scantime 0.000 seconds, 0 shared scans, 15 found files, scanned paths: <none>
mkiv lua stats  > stored bytecode data: 371 modules (0.160 sec), 78 tables (0.006 sec), 449 chunks (0.167 sec)
mkiv lua stats  > traced context: maxstack: 1144, freed: 12, unreachable: 1132
mkiv lua stats  > running in nuts mode: yes
mkiv lua stats  > cleaned up reserved nodes: 50 nodes, 439 lists of 438
mkiv lua stats  > node memory usage: 1 hlist, 2 glue, 2 penalty, 13 attribute, 47 glue_spec, 4 attribute_list, 2 temp
mkiv lua stats  > node list callback tasks: 6 unique task lists, 6 instances (re)created, 153 calls
mkiv lua stats  > used backend: pdf (backend for directly generating pdf output)
mkiv lua stats  > loaded patterns: en::2, load time: 0.000
mkiv lua stats  > jobdata time: 0.001 seconds saving, 0.000 seconds loading
mkiv lua stats  > callbacks: 390 direct, 326 indirect, 716 total
mkiv lua stats  > randomizer: resumed with value 0.39984084824093
mkiv lua stats  > interactive elements: 12 references, 0 destinations
mkiv lua stats  > result saved in file: digital_workshop_2019_flyer.pdf, compresslevel 3, objectcompresslevel 3
mkiv lua stats  > loaded fonts: 4 files: latinmodern-math.otf, lmroman10-bold.otf, lmroman10-regular.otf, lmroman12-regular.otf
mkiv lua stats  > fonts load time: 0.310 seconds for 19 fonts, 13 shared in backend, 0 common vectors, 13 common hashes
mkiv lua stats  > graphics processing time: 0.003 seconds including tex, 4 processed images, 4 unique asked, 2 bad names
mkiv lua stats  > pdf annotations: 12 links (12 unique), 0 special
mkiv lua stats  > used platform: linux-64, type: unix, binary subtree: usr
mkiv lua stats  > luatex banner: this is luatex, version beta-0.80.0 (tex live 2015/debian) (rev 5238)
mkiv lua stats  > control sequences: 44122 of 65536 + 100000
mkiv lua stats  > lua properties: engine: lua, used memory: 77 MB (ctx: 76 MB), hash type: lua, hash chars: min(64,40), symbol mask: utf (τεχ)
mkiv lua stats  > runtime: 0.624 seconds, 1 processed pages, 1 shipped pages, 1.603 pages/second

